Determining if the pthread_create exist failed with the following output:
Change Dir: /home/brazorf/Documents/SUPSI/3rd/CG/labingsw022018201908supsige/cmake-build-release/CMakeFiles/CMakeTmp

Run Build Command:"/usr/bin/make" "cmTC_9f1e8/fast"
/usr/bin/make -f CMakeFiles/cmTC_9f1e8.dir/build.make CMakeFiles/cmTC_9f1e8.dir/build
make[1]: Entering directory '/home/brazorf/Documents/SUPSI/3rd/CG/labingsw022018201908supsige/cmake-build-release/CMakeFiles/CMakeTmp'
Building C object CMakeFiles/cmTC_9f1e8.dir/CheckSymbolExists.c.o
/usr/bin/cc    -o CMakeFiles/cmTC_9f1e8.dir/CheckSymbolExists.c.o   -c /home/brazorf/Documents/SUPSI/3rd/CG/labingsw022018201908supsige/cmake-build-release/CMakeFiles/CMakeTmp/CheckSymbolExists.c
Linking C executable cmTC_9f1e8
/opt/JetBrains/apps/CLion/ch-0/182.4505.18/bin/cmake/linux/bin/cmake -E cmake_link_script CMakeFiles/cmTC_9f1e8.dir/link.txt --verbose=1
/usr/bin/cc      CMakeFiles/cmTC_9f1e8.dir/CheckSymbolExists.c.o  -o cmTC_9f1e8 
/usr/bin/ld: CMakeFiles/cmTC_9f1e8.dir/CheckSymbolExists.c.o: in function `main':
CheckSymbolExists.c:(.text+0x1b): undefined reference to `pthread_create'
collect2: error: ld returned 1 exit status
make[1]: *** [CMakeFiles/cmTC_9f1e8.dir/build.make:87: cmTC_9f1e8] Error 1
make[1]: Leaving directory '/home/brazorf/Documents/SUPSI/3rd/CG/labingsw022018201908supsige/cmake-build-release/CMakeFiles/CMakeTmp'
make: *** [Makefile:121: cmTC_9f1e8/fast] Error 2

File /home/brazorf/Documents/SUPSI/3rd/CG/labingsw022018201908supsige/cmake-build-release/CMakeFiles/CMakeTmp/CheckSymbolExists.c:
/* */
#include <pthread.h>

int main(int argc, char** argv)
{
  (void)argv;
#ifndef pthread_create
  return ((int*)(&pthread_create))[argc];
#else
  (void)argc;
  return 0;
#endif
}

Determining if the function pthread_create exists in the pthreads failed with the following output:
Change Dir: /home/brazorf/Documents/SUPSI/3rd/CG/labingsw022018201908supsige/cmake-build-release/CMakeFiles/CMakeTmp

Run Build Command:"/usr/bin/make" "cmTC_19cc6/fast"
/usr/bin/make -f CMakeFiles/cmTC_19cc6.dir/build.make CMakeFiles/cmTC_19cc6.dir/build
make[1]: Entering directory '/home/brazorf/Documents/SUPSI/3rd/CG/labingsw022018201908supsige/cmake-build-release/CMakeFiles/CMakeTmp'
Building C object CMakeFiles/cmTC_19cc6.dir/CheckFunctionExists.c.o
/usr/bin/cc   -DCHECK_FUNCTION_EXISTS=pthread_create   -o CMakeFiles/cmTC_19cc6.dir/CheckFunctionExists.c.o   -c /opt/JetBrains/apps/CLion/ch-0/182.4505.18/bin/cmake/linux/share/cmake-3.12/Modules/CheckFunctionExists.c
Linking C executable cmTC_19cc6
/opt/JetBrains/apps/CLion/ch-0/182.4505.18/bin/cmake/linux/bin/cmake -E cmake_link_script CMakeFiles/cmTC_19cc6.dir/link.txt --verbose=1
/usr/bin/cc  -DCHECK_FUNCTION_EXISTS=pthread_create    CMakeFiles/cmTC_19cc6.dir/CheckFunctionExists.c.o  -o cmTC_19cc6 -lpthreads 
/usr/bin/ld: cannot find -lpthreads
collect2: error: ld returned 1 exit status
make[1]: *** [CMakeFiles/cmTC_19cc6.dir/build.make:87: cmTC_19cc6] Error 1
make[1]: Leaving directory '/home/brazorf/Documents/SUPSI/3rd/CG/labingsw022018201908supsige/cmake-build-release/CMakeFiles/CMakeTmp'
make: *** [Makefile:121: cmTC_19cc6/fast] Error 2


